[2024-10-01 10:59:07] DEBUG: priorProbabilityForClass:: class_name_in_cache: prior::benign
[2024-10-01 10:59:07] DEBUG: priorProbabilityForClass:: probability not found in cache
[2024-10-04 18:00:29] DEBUG: priorProbabilityForClass:: class_name_in_cache: prior::benign
[2024-10-04 18:00:29] DEBUG: priorProbabilityForClass:: probability not found in cache
[2024-10-28 08:42:47] DEBUG: priorProbabilityForClass:: classNameInCache: prior::benign
[2024-10-28 08:42:47] DEBUG: priorProbabilityForClass:: probability not found in cache
[2024-10-28 08:42:47] DEBUG: priorProbabilityForClass:: prior probability for 0.3: 0.013699
[2024-10-28 08:42:47] DEBUG: priorProbabilityForClass:: prior probability for 0.5: 0.006849
[2024-10-28 08:42:47] DEBUG: priorProbabilityForClass:: prior probability for 1: 0.013699
[2024-10-28 08:42:47] DEBUG: priorProbabilityForClass:: prior probability for 1.1: 0.006849
[2024-10-28 08:42:47] DEBUG: priorProbabilityForClass:: prior probability for 1.2: 0.006849
[2024-10-28 08:42:47] DEBUG: priorProbabilityForClass:: prior probability for 1.3: 0.006849
[2024-10-28 08:42:47] DEBUG: priorProbabilityForClass:: prior probability for 1.5: 0.020548
[2024-10-28 08:42:47] DEBUG: priorProbabilityForClass:: prior probability for 1.6: 0.006849
[2024-10-28 08:42:47] DEBUG: priorProbabilityForClass:: prior probability for 1.7: 0.013699
[2024-10-28 08:42:47] DEBUG: priorProbabilityForClass:: prior probability for 1.9: 0.013699
[2024-10-28 08:42:47] DEBUG: priorProbabilityForClass:: prior probability for 10.1: 0.006849
[2024-10-28 08:42:47] DEBUG: priorProbabilityForClass:: prior probability for 10.2: 0.013699
[2024-10-28 08:42:47] DEBUG: priorProbabilityForClass:: prior probability for 10.4: 0.006849
[2024-10-28 08:42:47] DEBUG: priorProbabilityForClass:: prior probability for 10.6: 0.006849
[2024-10-28 08:42:47] DEBUG: priorProbabilityForClass:: prior probability for 10.8: 0.006849
[2024-10-28 08:42:47] DEBUG: priorProbabilityForClass:: prior probability for 10.9: 0.013699
[2024-10-28 08:42:47] DEBUG: priorProbabilityForClass:: prior probability for 11.4: 0.013699
[2024-10-28 08:42:47] DEBUG: priorProbabilityForClass:: prior probability for 11.7: 0.006849
[2024-10-28 08:42:47] DEBUG: priorProbabilityForClass:: prior probability for 11.8: 0.006849
[2024-10-28 08:42:47] DEBUG: priorProbabilityForClass:: prior probability for 12.2: 0.006849
[2024-10-28 08:42:47] DEBUG: priorProbabilityForClass:: prior probability for 13: 0.006849
[2024-10-28 08:42:47] DEBUG: priorProbabilityForClass:: prior probability for 13.1: 0.006849
[2024-10-28 08:42:47] DEBUG: priorProbabilityForClass:: prior probability for 13.2: 0.006849
[2024-10-28 08:42:47] DEBUG: priorProbabilityForClass:: prior probability for 13.4: 0.006849
[2024-10-28 08:42:47] DEBUG: priorProbabilityForClass:: prior probability for 13.5: 0.006849
[2024-10-28 08:42:47] DEBUG: priorProbabilityForClass:: prior probability for 13.9: 0.006849
[2024-10-28 08:42:47] DEBUG: priorProbabilityForClass:: prior probability for 14.5: 0.006849
[2024-10-28 08:42:47] DEBUG: priorProbabilityForClass:: prior probability for 15.9: 0.013699
[2024-10-28 08:42:47] DEBUG: priorProbabilityForClass:: prior probability for 16.7: 0.006849
[2024-10-28 08:42:47] DEBUG: priorProbabilityForClass:: prior probability for 17.7: 0.006849
[2024-10-28 08:42:47] DEBUG: priorProbabilityForClass:: prior probability for 2: 0.006849
[2024-10-28 08:42:47] DEBUG: priorProbabilityForClass:: prior probability for 2.1: 0.006849
[2024-10-28 08:42:47] DEBUG: priorProbabilityForClass:: prior probability for 2.4: 0.013699
[2024-10-28 08:42:47] DEBUG: priorProbabilityForClass:: prior probability for 2.5: 0.006849
[2024-10-28 08:42:47] DEBUG: priorProbabilityForClass:: prior probability for 2.6: 0.013699
[2024-10-28 08:42:47] DEBUG: priorProbabilityForClass:: prior probability for 2.7: 0.006849
[2024-10-28 08:42:47] DEBUG: priorProbabilityForClass:: prior probability for 2.9: 0.013699
[2024-10-28 08:42:47] DEBUG: priorProbabilityForClass:: prior probability for 3: 0.006849
[2024-10-28 08:42:47] DEBUG: priorProbabilityForClass:: prior probability for 3.1: 0.006849
[2024-10-28 08:42:47] DEBUG: priorProbabilityForClass:: prior probability for 3.2: 0.013699
[2024-10-28 08:42:47] DEBUG: priorProbabilityForClass:: prior probability for 3.4: 0.034247
[2024-10-28 08:42:47] DEBUG: priorProbabilityForClass:: prior probability for 3.6: 0.006849
[2024-10-28 08:42:47] DEBUG: priorProbabilityForClass:: prior probability for 3.7: 0.020548
[2024-10-28 08:42:47] DEBUG: priorProbabilityForClass:: prior probability for 3.8: 0.006849
[2024-10-28 08:42:47] DEBUG: priorProbabilityForClass:: prior probability for 4.1: 0.006849
[2024-10-28 08:42:47] DEBUG: priorProbabilityForClass:: prior probability for 4.2: 0.013699
[2024-10-28 08:42:47] DEBUG: priorProbabilityForClass:: prior probability for 4.4: 0.006849
[2024-10-28 08:42:47] DEBUG: priorProbabilityForClass:: prior probability for 4.5: 0.006849
[2024-10-28 08:42:47] DEBUG: priorProbabilityForClass:: prior probability for 4.7: 0.013699
[2024-10-28 08:42:47] DEBUG: priorProbabilityForClass:: prior probability for 4.8: 0.013699
[2024-10-28 08:42:47] DEBUG: priorProbabilityForClass:: prior probability for 4.9: 0.020548
[2024-10-28 08:42:47] DEBUG: priorProbabilityForClass:: prior probability for 5: 0.006849
[2024-10-28 08:42:47] DEBUG: priorProbabilityForClass:: prior probability for 5.1: 0.013699
[2024-10-28 08:42:47] DEBUG: priorProbabilityForClass:: prior probability for 5.2: 0.027397
[2024-10-28 08:42:47] DEBUG: priorProbabilityForClass:: prior probability for 5.4: 0.020548
[2024-10-28 08:42:47] DEBUG: priorProbabilityForClass:: prior probability for 5.5: 0.013699
[2024-10-28 08:42:47] DEBUG: priorProbabilityForClass:: prior probability for 5.6: 0.020548
[2024-10-28 08:42:47] DEBUG: priorProbabilityForClass:: prior probability for 5.7: 0.034247
[2024-10-28 08:42:47] DEBUG: priorProbabilityForClass:: prior probability for 5.8: 0.006849
[2024-10-28 08:42:47] DEBUG: priorProbabilityForClass:: prior probability for 6: 0.020548
[2024-10-28 08:42:47] DEBUG: priorProbabilityForClass:: prior probability for 6.1: 0.027397
[2024-10-28 08:42:47] DEBUG: priorProbabilityForClass:: prior probability for 6.2: 0.013699
[2024-10-28 08:42:47] DEBUG: priorProbabilityForClass:: prior probability for 6.3: 0.020548
[2024-10-28 08:42:47] DEBUG: priorProbabilityForClass:: prior probability for 6.5: 0.027397
[2024-10-28 08:42:47] DEBUG: priorProbabilityForClass:: prior probability for 6.7: 0.013699
[2024-10-28 08:42:47] DEBUG: priorProbabilityForClass:: prior probability for 6.8: 0.020548
[2024-10-28 08:42:47] DEBUG: priorProbabilityForClass:: prior probability for 6.9: 0.006849
[2024-10-28 08:42:47] DEBUG: priorProbabilityForClass:: prior probability for 7: 0.020548
[2024-10-28 08:42:47] DEBUG: priorProbabilityForClass:: prior probability for 7.1: 0.006849
[2024-10-28 08:42:47] DEBUG: priorProbabilityForClass:: prior probability for 7.2: 0.013699
[2024-10-28 08:42:47] DEBUG: priorProbabilityForClass:: prior probability for 7.3: 0.013699
[2024-10-28 08:42:47] DEBUG: priorProbabilityForClass:: prior probability for 7.4: 0.006849
[2024-10-28 08:42:47] DEBUG: priorProbabilityForClass:: prior probability for 7.6: 0.006849
[2024-10-28 08:42:47] DEBUG: priorProbabilityForClass:: prior probability for 7.7: 0.013699
[2024-10-28 08:42:47] DEBUG: priorProbabilityForClass:: prior probability for 7.8: 0.006849
[2024-10-28 08:42:47] DEBUG: priorProbabilityForClass:: prior probability for 7.9: 0.013699
[2024-10-28 08:42:47] DEBUG: priorProbabilityForClass:: prior probability for 8: 0.006849
[2024-10-28 08:42:47] DEBUG: priorProbabilityForClass:: prior probability for 8.2: 0.013699
[2024-10-28 08:42:47] DEBUG: priorProbabilityForClass:: prior probability for 8.4: 0.006849
[2024-10-28 08:42:47] DEBUG: priorProbabilityForClass:: prior probability for 8.7: 0.020548
[2024-10-28 08:42:47] DEBUG: priorProbabilityForClass:: prior probability for 9.2: 0.006849
[2024-10-28 08:42:47] DEBUG: priorProbabilityForClass:: prior probability for 9.3: 0.013699
[2024-10-28 08:42:47] DEBUG: priorProbabilityForClass:: prior probability for 9.4: 0.006849
[2024-10-28 08:42:47] DEBUG: priorProbabilityForClass:: prior probability for 9.8: 0.006849
[2024-10-28 08:43:12] DEBUG: priorProbabilityForClass:: classNameInCache: prior::benign
[2024-10-28 08:43:12] DEBUG: priorProbabilityForClass:: probability not found in cache
[2024-10-28 08:43:12] DEBUG: priorProbabilityForClass:: prior probability for benign: 0.620000
[2024-10-28 08:43:12] DEBUG: priorProbabilityForClass:: prior probability for malignant: 0.380000
[2024-10-28 08:43:12] DEBUG: priorProbabilityForClass:: classNameInCache: prior::malignant
[2024-10-28 08:43:12] DEBUG: priorProbabilityForClass:: probability found in cache: 0.380000
[2024-10-28 09:39:20] DEBUG: priorProbabilityForClass:: classNameInCache: prior::benign
[2024-10-28 09:39:20] DEBUG: priorProbabilityForClass:: probability not found in cache
[2024-10-28 09:39:20] DEBUG: priorProbabilityForClass:: prior probability for benign: 0.620000
[2024-10-28 09:39:20] DEBUG: priorProbabilityForClass:: prior probability for malignant: 0.380000
[2024-10-28 09:39:20] DEBUG: priorProbabilityForClass:: classNameInCache: prior::malignant
[2024-10-28 09:39:20] DEBUG: priorProbabilityForClass:: probability found in cache: 0.380000
[2024-10-28 09:39:45] DEBUG: priorProbabilityForClass:: classNameInCache: prior::benign
[2024-10-28 09:39:45] DEBUG: priorProbabilityForClass:: probability not found in cache
[2024-10-28 09:39:45] DEBUG: priorProbabilityForClass:: prior probability for benign: 0.620000
[2024-10-28 09:39:45] DEBUG: priorProbabilityForClass:: prior probability for malignant: 0.380000
[2024-10-28 09:39:45] DEBUG: priorProbabilityForClass:: classNameInCache: prior::malignant
[2024-10-28 09:39:45] DEBUG: priorProbabilityForClass:: probability found in cache: 0.380000
[2024-10-28 09:39:55] DEBUG: priorProbabilityForClass:: classNameInCache: prior::benign
[2024-10-28 09:39:55] DEBUG: priorProbabilityForClass:: probability not found in cache
[2024-10-28 09:39:55] DEBUG: priorProbabilityForClass:: prior probability for benign: 0.620000
[2024-10-28 09:39:55] DEBUG: priorProbabilityForClass:: prior probability for malignant: 0.380000
[2024-10-28 09:39:55] DEBUG: priorProbabilityForClass:: classNameInCache: prior::malignant
[2024-10-28 09:39:55] DEBUG: priorProbabilityForClass:: probability found in cache: 0.380000
[2024-10-28 09:40:18] DEBUG: priorProbabilityForClass:: classNameInCache: prior::benign
[2024-10-28 09:40:18] DEBUG: priorProbabilityForClass:: probability not found in cache
[2024-10-28 09:40:18] DEBUG: priorProbabilityForClass:: prior probability for benign: 0.620000
[2024-10-28 09:40:18] DEBUG: priorProbabilityForClass:: prior probability for malignant: 0.380000
[2024-10-28 09:40:18] DEBUG: priorProbabilityForClass:: classNameInCache: prior::malignant
[2024-10-28 09:40:18] DEBUG: priorProbabilityForClass:: probability found in cache: 0.380000
[2024-10-28 13:38:25] DEBUG: priorProbabilityForClass:: classNameInCache: prior::benign
[2024-10-28 13:38:25] DEBUG: priorProbabilityForClass:: probability not found in cache
[2024-10-28 13:38:25] DEBUG: priorProbabilityForClass:: prior probability for benign: 0.620000
[2024-10-28 13:38:25] DEBUG: priorProbabilityForClass:: prior probability for malignant: 0.380000
[2024-10-28 13:38:25] DEBUG: priorProbabilityForClass:: classNameInCache: prior::malignant
[2024-10-28 13:38:25] DEBUG: priorProbabilityForClass:: probability found in cache: 0.380000
[2024-10-28 13:43:50] DEBUG: priorProbabilityForClass:: classNameInCache: prior::benign
[2024-10-28 13:43:50] DEBUG: priorProbabilityForClass:: probability not found in cache
[2024-10-28 13:43:50] DEBUG: priorProbabilityForClass:: prior probability for benign: 0.620000
[2024-10-28 13:43:50] DEBUG: priorProbabilityForClass:: prior probability for malignant: 0.380000
[2024-10-28 13:43:50] DEBUG: priorProbabilityForClass:: classNameInCache: prior::malignant
[2024-10-28 13:43:50] DEBUG: priorProbabilityForClass:: probability found in cache: 0.380000
